Под ночным небом, где яркие салюты взрывались, словно феерверки разлетающиеся по всему горизонту, Макс чувствовал, как его настроение достигает новых высот. Он с друзьями веселился, их смех эхом разносился по улицам города. Высокий уровень приключений (89) зажег в нем желание искать новые ощущения, а его крепкая дружба (78) обещала поддержку в любых ситуациях. После того, как он решил прогуляться по улицам города, он ощутил, как легкий ветерок трогает его лицо, напоминая, что приключения могут начинаться не только на вечеринке, но и в самом сердце ночного города.  

Беглый взгляд на улицы, освещенные неоновыми вывесками, заставил Макса задуматься о возможностях дальнейших приключений. Перемежаясь с яркостью огней, его взгляд задержался на залысых прохожих, уличных музыкантах и заброшенных парковых дорожках. Его сердце желает развлечений и неожиданных моментов, а дневник приключений внутри подсказал, что вечер еще не завершен.  

Решив продолжать дальше, Макс заметил, что его друзья развиваются по разным направлениям: Дмитрий смеется, шутит с другими, Анастасия и Вика увлечены танцами, а Оля уже щелкает фотоаппаратом. Всё это усиливает его желание искать новые возможности, а также вызывает желание попробовать свои силы в неожиданных ситуациях.  

---

За этим вдохновляющим рассветом ночи начинается новая сцена.  
*Макс ускоряет шаг, покидая яркую площадь, и вдруг замечает: возле небольшого уличного кафе он видит загадочного парня, надеющегося на случайную встречу и обладающего загадочной улыбкой. Это может стать началом новой загадки или веселого приключения.*

**Макс понимает, что судьба предлагает ему шанс — заговорить с этим незнакомцем или продолжить путь, не вмешиваясь.**

---

Тем временем, прохладный вечер становится чуть прохладнее; по всему городу слышны шумные голоса и тихие шорохи — кажется, что каждый уголок скрывает свою историю.  
*Решение — подойти к незнакомцу и узнать, что он хочет, или остаться наблюдателем, позволяя судьбе развиваться сама по себе.*

---

Такое решение может коренным образом повлиять на его дальнейшие приключения. Макс ощущает, что его смех, дружба, и поиск новых ощущений делают ночь насыщенной и полной неожиданных открытий.

---

Теперь, исходя из этого сценария, перед нами пять уникальных ситуаций для выбора Макса — каждое с собственными последствиями и впечатлениями.

---

**1. Весёлое исследование улиц — случайная забавная встреча**  
Макс решил уйти чуть в сторону, чтобы исследовать забытые аллеи и малолюдные площадки. Вскоре он наткнулся на уличного музыканта, который поднял настроение всем прохожим. Музыка зазвучала мощно и радостно, и Макс почувствовал, что в нем взыграли игривое настроение и желание продолжить веселье.  
*Он может:*  
- Поговорить с музыкантом, узнать его историю и, возможно, присоединиться к джему. (увеличит смешность и приключения)  
- Продолжать идти, не останавливаясь, и искать новые места. (поддержит уровень приключений, но снизит смешность)

**2. Внезапное предложение — играть в ночной город в прятки**  
Внезапно рядом с ним появляется Алекс — парень, которого он давно знал по прошлым приключениям. Он предлагает Максу сыграть в ночные прятки по городу, обещая большое веселье и неожиданные открытия. Макс склоняется к азарту (приключение 89). Он может:  
- Принять вызов и отправиться играть, что может поднять приключение и смешность.  
- Отказаться, оставив все как есть, и продолжить прогулку.  

**3. Фото или не фото — запечатлеть момент или уйти**  
Анастасия подходит к Максу и просит сделать фото на фоне салютов, чтобы оставить память о ночи. Макс задумывается: его романтика (52) тут на грани, ведь он хочет запомнить этот момент, но также чувствует, что может упустить что-то более важное. Он может:  
- Сделать фотографию вместе, что укрепит романтические связи и дружбу.  
- Отказаться, предпочтя продолжить исследование улиц и приключения без привязки к запечатленным образам.  

**4. Игры и ставки — бросить вызов на улице**  
Вика, залихватская и яркая, предлагает Максу сыграть небольшую игру — например, бросить бросок бумажной ракеты или попытаться угадать число между прохожими. Игра кажется забавной и легкой, что повышает уровень смешности (81). Макс может:  
- Принять вызов и испытать удачу на улице, что добавит искреннего веселья и приключений.  
- Оставить все как есть, наслаждаясь салютами и атмосферой, не отвлекаясь от волшебных моментов ночи.  

**5. Взгляд в будущее — вечер отдыха или активные приключения**  
Заметив, что уровень приключений (89) очень высокий, Макс ощущает желание смены темпа. Он может:  
- Остаться на месте, полюбоваться салютами и насладиться тишиной ночи. (повысит романтику и спокойствие)  
- Или же принять участие в более активных событиях — присоединиться к группе уличных танцоров или отправиться в заброшенную церковь неподалеку. (увеличит приключения и смешность)  

---

Каждое из этих действий — шанс для Макса выбрать свою атмосферу, привести новые знакомства, испытать удачу или оставить место для будущих сюрпризов. Это — ваше решение, и каждое оно сформирует удивительный вечер, наполненный юмором, романтикой и приключениями.